<?xml version="1.0" encoding="UTF-8"?>
<testsuite name="com.fabrice.mareeu.ExampleUnitTest" tests="5" skipped="0" failures="0" errors="0" timestamp="2021-10-17T12:31:41" hostname="PC-PC" time="0.007">
  <properties/>
  <testcase name="deleteReunionWithSuccess" classname="com.fabrice.mareeu.ExampleUnitTest" time="0.004"/>
  <testcase name="getReunionWithSuccess" classname="com.fabrice.mareeu.ExampleUnitTest" time="0.001"/>
  <testcase name="filtrerDateWithSuccess" classname="com.fabrice.mareeu.ExampleUnitTest" time="0.0"/>
  <testcase name="filtrerSalleWithSuccess" classname="com.fabrice.mareeu.ExampleUnitTest" time="0.0"/>
  <testcase name="createReunionWithSuccess" classname="com.fabrice.mareeu.ExampleUnitTest" time="0.0"/>
  <system-out><![CDATA[]]></system-out>
  <system-err><![CDATA[]]></system-err>
</testsuite>
